<?xml version="1.0" encoding="UTF-8"?>
<!-- Generated by org.testng.reporters.JUnitReportReporter -->
<testsuite hostname="TYSS-Mohammed-Riza-Washiq" failures="0" tests="2" name="testNG.Executions" time="0.017" errors="0" timestamp="2024-11-25T15:21:53 IST" skipped="0">
  <testcase classname="testNG.Executions" name="demo3" time="0.002"/>
  <testcase classname="testNG.Executions" name="demo1" time="0.015"/>
</testsuite> <!-- testNG.Executions -->
