<?xml version="1.0" encoding="UTF-8"?>
<!-- Generated by org.testng.reporters.JUnitReportReporter -->
<testsuite hostname="TYSS-Mohammed-Riza-Washiq" failures="0" tests="5" name="Executions" time="0.039" errors="0" timestamp="2024-11-25T15:15:40 IST" skipped="0">
  <testcase classname="Executions" name="demo1" time="0.027"/>
  <testcase classname="Executions" name="demo4" time="0.003"/>
  <testcase classname="Executions" name="demo2" time="0.003"/>
  <testcase classname="Executions" name="demo3" time="0.004"/>
  <testcase classname="Executions" name="demo2" time="0.002"/>
</testsuite> <!-- Executions -->
