<?xml version="1.0" encoding="UTF-8"?>
<!-- Generated by org.testng.reporters.JUnitReportReporter -->
<testsuite hostname="TYSS-Mohammed-Riza-Washiq" failures="0" tests="1" name="DDT.DDTTest" time="0.011" errors="0" timestamp="2024-11-25T17:40:59 IST" skipped="0">
  <testcase classname="DDT.DDTTest" name="xml" time="0.011"/>
</testsuite> <!-- DDT.DDTTest -->
