<?xml version="1.0" encoding="UTF-8"?>
<!-- Generated by org.testng.reporters.JUnitReportReporter -->
<testsuite hostname="TYSS-Mohammed-Riza-Washiq" failures="0" tests="2" name="testNG.CrossBrowser" time="33.104" errors="0" timestamp="2024-11-25T16:03:44 IST" skipped="0">
  <testcase classname="testNG.CrossBrowser" name="test1" time="16.361">
    <system-out>
      <![CDATA[Logged in SucesFully]]>
    </system-out>
  </testcase> <!-- test1 -->
  <testcase classname="testNG.CrossBrowser" name="test2" time="16.743"/>
  <system-out>
    <![CDATA[Logged in SucesFully]]>
  </system-out>
</testsuite> <!-- testNG.CrossBrowser -->
