<?xml version="1.0" encoding="UTF-8"?>
<!-- Generated by org.testng.reporters.JUnitReportReporter -->
<testsuite hostname="TYSS-Mohammed-Riza-Washiq" failures="0" tests="2" name="forjenkins.ClassA" time="54.908" errors="0" timestamp="2024-12-02T12:32:09 IST" skipped="0">
  <testcase classname="forjenkins.ClassA" name="A1" time="46.307"/>
  <testcase classname="forjenkins.ClassA" name="A2" time="8.601"/>
</testsuite> <!-- forjenkins.ClassA -->
