<?xml version="1.0" encoding="UTF-8"?>
<!-- Generated by org.testng.reporters.JUnitReportReporter -->
<testsuite hostname="TYSS-Mohammed-Riza-Washiq" failures="0" tests="1" name="listners.TestClass" time="5.843" errors="0" timestamp="2024-12-02T10:55:05 IST" skipped="0">
  <testcase classname="listners.TestClass" name="demo1" time="5.843">
    <system-out>
      <![CDATA[Demo1 method ====== starts
Demo1 method ====== ends]]>
    </system-out>
  </testcase> <!-- demo1 -->
  <system-out>
    <![CDATA[Demo1 method ====== starts
Demo1 method ====== ends]]>
  </system-out>
</testsuite> <!-- listners.TestClass -->
