<?xml version="1.0" encoding="UTF-8"?>
<!-- Generated by org.testng.reporters.JUnitReportReporter -->
<testsuite hostname="TYSS-Mohammed-Riza-Washiq" failures="0" tests="1" name="forjenkins.ClassB" time="130.099" errors="0" timestamp="2024-12-02T12:27:21 IST" skipped="0">
  <testcase classname="forjenkins.ClassB" name="B1" time="130.099"/>
</testsuite> <!-- forjenkins.ClassB -->
