<?xml version="1.0" encoding="UTF-8"?>
<!-- Generated by org.testng.reporters.JUnitReportReporter -->
<testsuite hostname="TYSS-Mohammed-Riza-Washiq" failures="0" tests="1" name="testNG.Annotations" time="0.026" errors="0" timestamp="2024-11-25T14:59:51 IST" skipped="0">
  <testcase classname="testNG.Annotations" name="demo" time="0.026"/>
</testsuite> <!-- testNG.Annotations -->
