<?xml version="1.0" encoding="UTF-8"?>
<!-- Generated by org.testng.reporters.JUnitReportReporter -->
<testsuite hostname="TYSS-Mohammed-Riza-Washiq" failures="0" tests="2" name="testNG.ParallelTest" time="20.637" errors="0" timestamp="2024-11-25T15:58:39 IST" skipped="0">
  <testcase classname="testNG.ParallelTest" name="test2" time="10.094"/>
  <testcase classname="testNG.ParallelTest" name="test1" time="10.543">
    <system-out>
      <![CDATA[Logged in SucesFully]]>
    </system-out>
  </testcase> <!-- test1 -->
  <system-out>
    <![CDATA[Logged in SucesFully]]>
  </system-out>
</testsuite> <!-- testNG.ParallelTest -->
