<?xml version="1.0" encoding="UTF-8"?>
<!-- Generated by org.testng.reporters.JUnitReportReporter -->
<testsuite hostname="TYSS-Mohammed-Riza-Washiq" failures="0" tests="3" name="testNG.Attribts" time="0.011" errors="0" timestamp="2024-11-25T15:06:53 IST" skipped="0">
  <testcase classname="testNG.Attribts" name="dataProv" time="0.002"/>
  <testcase classname="testNG.Attribts" name="dataProv" time="0.002"/>
  <testcase classname="testNG.Attribts" name="dataProv" time="0.007"/>
</testsuite> <!-- testNG.Attribts -->
