<?xml version="1.0" encoding="UTF-8"?>
<!-- Generated by org.testng.reporters.JUnitReportReporter -->
<testsuite hostname="TYSS-Mohammed-Riza-Washiq" failures="0" tests="2" name="forjenkins.ClassATest" time="37.588" errors="0" timestamp="2024-12-02T13:07:41 IST" skipped="0">
  <testcase classname="forjenkins.ClassATest" name="A2" time="28.430"/>
  <testcase classname="forjenkins.ClassATest" name="A1" time="9.158"/>
</testsuite> <!-- forjenkins.ClassATest -->
